03:56 ItsWinterBush: marc
03:57 justcallmemarc: yep
03:57 ItsWinterBush : san ka
03:57 justcallmemarc: spawn
03:57 ItsWinterBush : punta ka sakin gawa tayo base dito
03:57 justcallmemarc: saan ka
03:57 ItsWinterBush : witnpupuntahannnalang kita
04:14 ItsWinterBush : 264 -174
04:17 ItsWinterBush : marc
04:17 ItsWinterBush : dito may deep cave
04:17 justcallmemarc: bruh
04:18 ItsWinterBush : may dias
04:18 justcallmemarc: my game freeze
04:18 ItsWinterBush : sakin na lag spike
04:20 ItsWinterBush : san kana
04:20 justcallmemarc: wait lang
04:24 justcallmemarc: place mo bed
04:25 ItsWinterBush : akin yon hahaha
04:38 justcallmemarc: out mona ko
04:38 justcallmemarc: kakain lang
05:00 ItsWinterBush : nasa taas nako
05:00 justcallmemarc: mining mona ako
05:04 ItsWinterBush : afk muna
08:40 ItsWinterBush: download kanng simple Voice Chat
08:41 justcallmemarc: ang lag ko kapag may voice chat
08:41 ItsWinterBush : dinamn
08:41 justcallmemarc: nag ka crash
08:41 ItsWinterBush : di yun
08:41 ItsWinterBush : sa mods molang yun
08:41 justcallmemarc: maya try ko
08:42 justcallmemarc: bruh
08:47 justcallmemarc: do u have food
08:47 ItsWinterBush : sayang diamond axe ko
08:51 justcallmemarc: maytp napala
08:51 ItsWinterBush : kaka lagay koang
08:52 ItsWinterBush : marc dito ang laki
08:53 justcallmemarc: craft mona ko armor
09:01 ItsWinterBush : request ka ulit
09:01 ItsWinterBush : ulit
09:02 ItsWinterBush : may zoombie
09:02 ItsWinterBush : paano accept
09:02 justcallmemarc: click molang tong lalabas
09:03 ItsWinterBush : di5o
09:03 justcallmemarc: penge food
09:04 ItsWinterBush : taas tayo
09:07 justcallmemarc: mag lalag ako sorry
09:08 justcallmemarc: surface bako
09:15 justcallmemarc placed suspicious WATER_BUCKET @ world: x584, z-291
09:25 justcallmemarc: no village
09:28 justcallmemarc placed suspicious WATER_BUCKET @ world: x389, z-717
09:30 justcallmemarc placed suspicious WATER_BUCKET @ world: x-3, z-605
09:32 justcallmemarc: wla paring village
09:32 ItsWinterBush : vilage
09:33 ItsWinterBush : dito tayo gawa base
09:35 justcallmemarc: malapit nakong ma lowbat
09:36 ItsWinterBush : mag set home kana
09:36 ItsWinterBush : repawn poit pala
09:36 justcallmemarc: haha kalako may sethome
09:36 ItsWinterBush : gawa ka team kung gusto mo
09:37 justcallmemarc: lowbat nako bye
12:00 winterbush7613: marc
12:02 winterbush7613: bro
12:02 winterbush7613: addmin account ko to
12:02 justcallmemarc: hm
12:03 justcallmemarc: im trying to use schmetic mod
12:03 winterbush7613: malag yan
12:03 justcallmemarc: di naman
12:03 winterbush7613: ma bug pala
12:04 justcallmemarc: dati konato ginagamit wla akong kakikitang bug
12:04 winterbush7613: ayus na yung bug
12:04 winterbush7613: nag join na main acc ko
12:08 ItsWinterBush : naka low end akong laptop ang lag
12:08 justcallmemarc: haha
12:15 winterbush7613: bruhh
12:21 Chadtix       : sleep guys
12:21 Chadtix       : im new here
12:27 ItsWinterBush : nawala gamit ko
12:28 justcallmemarc: nang yari
12:28 ItsWinterBush : na matay sa zoombie
12:28 justcallmemarc: bruh
12:32 ItsWinterBush : nag dispawn na ata items ko
12:40 Chadtix       : sleep guys
12:40 Chadtix       : i need to get out i got trapped
12:42 Chadtix       : can someone sleep?
12:45 ItsWinterBush : marc bukas nalang ako laro may nag papa add
12:53 justcallmemarc placed suspicious WATER_BUCKET @ world: x-417, z-433
